<?xml version="1.0" encoding="UTF-8"?>
<!-- Generated by org.testng.reporters.JUnitXMLReporter -->
<testsuite ignored="0" hostname="5CD144C87X" failures="0" tests="1" name="Amazon Mobile Page Test" time="0.022" errors="0" timestamp="2023-07-11T12:31:44 IST">
  <testcase classname="com.testCases.BaseTest" name="@BeforeSuite setUp" time="20.86">
    <failure type="java.lang.NullPointerException">
      <![CDATA[java.lang.NullPointerException
at com.testCases.BaseTest.setUp(BaseTest.java:45)
... Removed 19 stack frames]]>
    </failure>
  </testcase> <!-- @BeforeSuite setUp -->
  <testcase classname="com.testCases.MobileTest" name="mobilePageTest" time="0.001">
    <skipped/>
  </testcase> <!-- mobilePageTest -->
</testsuite> <!-- Amazon Mobile Page Test -->
