<?xml version="1.0" encoding="UTF-8"?>
<!-- Generated by org.testng.reporters.JUnitXMLReporter -->
<testsuite ignored="2" hostname="5CD144C87X" failures="0" tests="2" name="Test" time="43.108" errors="0" timestamp="2023-07-07T18:46:19 IST">
  <testcase classname="com.testCases.HomeTest" name="homePageTest" time="5.925"/>
  <testcase classname="com.testCases.MobileTest" name="mobilePageTest" time="36.206"/>
  <testcase classname="com.testCases.BaseTest" name="@BeforeSuite setUp" time="0.0">
    <ignored/>
  </testcase> <!-- @BeforeSuite setUp -->
  <testcase classname="com.testCases.BaseTest" name="@AfterSuite tearDown" time="0.0">
    <ignored/>
  </testcase> <!-- @AfterSuite tearDown -->
</testsuite> <!-- Test -->
