<?xml version="1.0" encoding="UTF-8"?>
<testng-results ignored="0" total="2" passed="2" failed="0" skipped="0">
  <reporter-output>
  </reporter-output>
  <suite started-at="2023-07-07T19:09:58 IST" name="Suite" finished-at="2023-07-07T19:10:25 IST" duration-ms="26856">
    <groups>
    </groups>
    <test started-at="2023-07-07T19:09:58 IST" name="Amazon Home Page Test" finished-at="2023-07-07T19:10:06 IST" duration-ms="7945">
      <class name="com.testCases.HomeTest">
        <test-method signature="homePageTest()[pri:0, instance:com.testCases.HomeTest@7ce026d3]" started-at="2023-07-07T19:09:59 IST" name="homePageTest" finished-at="2023-07-07T19:10:06 IST" duration-ms="6980" status="PASS">
          <reporter-output>
          </reporter-output>
        </test-method> <!-- homePageTest -->
      </class> <!-- com.testCases.HomeTest -->
    </test> <!-- Amazon Home Page Test -->
    <test started-at="2023-07-07T19:10:07 IST" name="Amazon Mobile Page Test" finished-at="2023-07-07T19:10:25 IST" duration-ms="17501">
      <class name="com.testCases.MobileTest">
        <test-method is-config="true" signature="setUp()[pri:0, instance:com.testCases.MobileTest@70cf32e3]" started-at="2023-07-07T19:09:38 IST" name="setUp" finished-at="2023-07-07T19:09:58 IST" duration-ms="19802" status="PASS">
          <reporter-output>
          </reporter-output>
        </test-method> <!-- setUp -->
        <test-method signature="mobilePageTest()[pri:0, instance:com.testCases.MobileTest@70cf32e3]" started-at="2023-07-07T19:10:07 IST" name="mobilePageTest" finished-at="2023-07-07T19:10:25 IST" duration-ms="17492" status="PASS">
          <reporter-output>
          </reporter-output>
        </test-method> <!-- mobilePageTest -->
        <test-method is-config="true" signature="tearDown()[pri:0, instance:com.testCases.MobileTest@70cf32e3]" started-at="2023-07-07T19:10:25 IST" name="tearDown" finished-at="2023-07-07T19:10:29 IST" duration-ms="4166" status="PASS">
          <reporter-output>
          </reporter-output>
        </test-method> <!-- tearDown -->
      </class> <!-- com.testCases.MobileTest -->
    </test> <!-- Amazon Mobile Page Test -->
  </suite> <!-- Suite -->
</testng-results>
